I, [2024-10-23T16:14:16.377542 #80186]  INFO -- : Registered expected interaction GET /actions/bcd/chat-template
D, [2024-10-23T16:14:16.377670 #80186] DEBUG -- : {
  "description": "A request to get chat data",
  "providerState": "Chat data of fullserve consumer exists",
  "request": {
    "method": "GET",
    "path": {
      "json_class": "Pact::Term",
      "data": {
        "generate": "/actions/bcd/chat-template",
        "matcher": {
          "json_class": "Regexp",
          "o": 0,
          "s": "/actions/bcd/chat-template"
        }
      }
    },
    "headers": {
      "Content-Type": {
        "json_class": "Pact::Term",
        "data": {
          "generate": "application/json",
          "matcher": {
            "json_class": "Regexp",
            "o": 0,
            "s": "application\\/json"
          }
        }
      }
    }
  },
  "response": {
    "status": 200,
    "headers": {
      "Content-Type": {
        "json_class": "Pact::Term",
        "data": {
          "generate": "application/json",
          "matcher": {
            "json_class": "Regexp",
            "o": 0,
            "s": "application\\/json"
          }
        }
      }
    },
    "body": {
      "data": {
        "type": "ChatTemplate",
        "attributes": {
          "templates": [
            {
              "id": "1",
              "consumer": "fullserve",
              "title": "title1",
              "category": "category1",
              "message": "message1",
              "queues": [
                "queue1",
                "queue2"
              ],
              "recordDisabled": false
            },
            {
              "id": "2",
              "consumer": "fullserve",
              "title": "title2",
              "category": "category2",
              "message": "message2",
              "queues": [
                "queue3",
                "queue4"
              ],
              "recordDisabled": false
            },
            {
              "id": "3",
              "consumer": "fullserve",
              "title": "title3",
              "category": "category3",
              "message": "message3",
              "queues": [
                "queue5"
              ],
              "recordDisabled": false
            },
            {
              "id": "4",
              "consumer": "fullserve",
              "title": "title4",
              "category": "category4",
              "message": "message4",
              "queues": [
                "queue6",
                "queue7",
                "queue8"
              ],
              "recordDisabled": false
            }
          ]
        }
      }
    }
  },
  "metadata": null
}
I, [2024-10-23T16:14:16.378161 #80186]  INFO -- : Received request GET /actions/bcd/chat-template
D, [2024-10-23T16:14:16.378212 #80186] DEBUG -- : {
  "path": "/actions/bcd/chat-template",
  "query": "",
  "method": "get",
  "headers": {
    "Content-Type": "application/json",
    "Host": "localhost:53061",
    "User-Agent": "Go-http-client/1.1",
    "Accept-Encoding": "gzip"
  }
}
I, [2024-10-23T16:14:16.378335 #80186]  INFO -- : Found matching response for GET /actions/bcd/chat-template
D, [2024-10-23T16:14:16.378384 #80186] DEBUG -- : {
  "status": 200,
  "headers": {
    "Content-Type": {
      "json_class": "Pact::Term",
      "data": {
        "generate": "application/json",
        "matcher": {
          "json_class": "Regexp",
          "o": 0,
          "s": "application\\/json"
        }
      }
    }
  },
  "body": {
    "data": {
      "type": "ChatTemplate",
      "attributes": {
        "templates": [
          {
            "id": "1",
            "consumer": "fullserve",
            "title": "title1",
            "category": "category1",
            "message": "message1",
            "queues": [
              "queue1",
              "queue2"
            ],
            "recordDisabled": false
          },
          {
            "id": "2",
            "consumer": "fullserve",
            "title": "title2",
            "category": "category2",
            "message": "message2",
            "queues": [
              "queue3",
              "queue4"
            ],
            "recordDisabled": false
          },
          {
            "id": "3",
            "consumer": "fullserve",
            "title": "title3",
            "category": "category3",
            "message": "message3",
            "queues": [
              "queue5"
            ],
            "recordDisabled": false
          },
          {
            "id": "4",
            "consumer": "fullserve",
            "title": "title4",
            "category": "category4",
            "message": "message4",
            "queues": [
              "queue6",
              "queue7",
              "queue8"
            ],
            "recordDisabled": false
          }
        ]
      }
    }
  }
}
I, [2024-10-23T16:14:16.379414 #80186]  INFO -- : Verifying - interactions matched
I, [2024-10-23T16:14:16.379879 #80186]  INFO -- : Cleared interactions
I, [2024-10-23T16:14:17.290695 #80186]  INFO -- : Writing pact for unv-bcd-chat-pdr to /Users/harshdas/Desktop/Rinzler/Projects/GoConsumerContractTesting/pacts/toolbar-chat-api-unv-bcd-chat-pdr.json
